<?xml version="1.0" encoding="UTF-8"?>
<!-- Generated by org.testng.reporters.JUnitReportReporter -->
<testsuite skipped="0" hostname="DumiduH" name="com.dumiduh.selenium4.selenium4.RunnerThree" tests="4" failures="0" timestamp="19 Sep 2018 07:45:48 GMT" time="0.012" errors="0">
  <testcase name="loginTest" time="0.002" classname="com.dumiduh.selenium4.selenium4.RunnerThree"/>
  <testcase name="loginTest" time="0.001" classname="com.dumiduh.selenium4.selenium4.RunnerThree"/>
  <testcase name="loginTest" time="0.002" classname="com.dumiduh.selenium4.selenium4.RunnerThree"/>
  <testcase name="loginTest" time="0.007" classname="com.dumiduh.selenium4.selenium4.RunnerThree"/>
</testsuite> <!-- com.dumiduh.selenium4.selenium4.RunnerThree -->
